Using pre-set license
Built from '2020.3/staging' branch; Version is '2020.3.10f1 (297d780c91bc) revision 2719096'; Using compiler version '192528614'; Build Type 'Release'
OS: 'Windows 10 Education; OS build 19045.3448; Version 2009; 64bit' Language: 'en' Physical Memory: 32693 MB
BatchMode: 1, IsHumanControllingUs: 0, StartBugReporterOnCrash: 0, Is64bit: 1, IsPro: 0

 COMMAND LINE ARGUMENTS:
C:\Program Files\Unity\Hub\Editor\2020.3.10f1\Editor\Unity.exe
-adb2
-batchMode
-noUpm
-name
AssetImportWorker0
-projectPath
D:/Unity3D/TubaKnight1
-logFile
Logs/AssetImportWorker0.log
-srvPort
8196
Successfully changed project path to: D:/Unity3D/TubaKnight1
D:/Unity3D/TubaKnight1
Using Asset Import Pipeline V2.
Refreshing native plugins compatible for Editor in 56.08 ms, found 3 plugins.
Preloading 0 native plugins for Editor in 0.00 ms.
Initialize engine version: 2020.3.10f1 (297d780c91bc)
[Subsystems] Discovering subsystems at path C:/Program Files/Unity/Hub/Editor/2020.3.10f1/Editor/Data/Resources/UnitySubsystems
[Subsystems] Discovering subsystems at path D:/Unity3D/TubaKnight1/Assets
GfxDevice: creating device client; threaded=0
Direct3D:
    Version:  Direct3D 11.0 [level 11.1]
    Renderer: NVIDIA GeForce RTX 2060 (ID=0x1f08)
    Vendor:   
    VRAM:     5968 MB
    Driver:   31.0.15.3734
Initialize mono
Mono path[0] = 'C:/Program Files/Unity/Hub/Editor/2020.3.10f1/Editor/Data/Managed'
Mono path[1] = 'C:/Program Files/Unity/Hub/Editor/2020.3.10f1/Editor/Data/MonoBleedingEdge/lib/mono/unityjit'
Mono config path = 'C:/Program Files/Unity/Hub/Editor/2020.3.10f1/Editor/Data/MonoBleedingEdge/etc'
Using monoOptions --debugger-agent=transport=dt_socket,embedding=1,server=y,suspend=n,address=127.0.0.1:56768
Begin MonoManager ReloadAssembly
Registering precompiled unity dll's ...
Register platform support module: C:/Program Files/Unity/Hub/Editor/2020.3.10f1/Editor/Data/PlaybackEngines/WindowsStandaloneSupport/UnityEditor.WindowsStandalone.Extensions.dll
Registered in 0.002936 seconds.
Native extension for WindowsStandalone target not found
Refreshing native plugins compatible for Editor in 55.00 ms, found 3 plugins.
Preloading 0 native plugins for Editor in 0.00 ms.
Mono: successfully reloaded assembly
- Completed reload, in  1.325 seconds
Platform modules already initialized, skipping
Registering precompiled user dll's ...
Registered in 0.004550 seconds.
Begin MonoManager ReloadAssembly
Native extension for WindowsStandalone target not found
Refreshing native plugins compatible for Editor in 57.38 ms, found 3 plugins.
Preloading 0 native plugins for Editor in 0.00 ms.
Mono: successfully reloaded assembly
- Completed reload, in  1.196 seconds
Platform modules already initialized, skipping
========================================================================
Worker process is ready to serve import requests
Launched and connected shader compiler UnityShaderCompiler.exe after 0.05 seconds
Refreshing native plugins compatible for Editor in 0.78 ms, found 3 plugins.
Preloading 0 native plugins for Editor in 0.00 ms.
Unloading 2252 Unused Serialized files (Serialized files now loaded: 0)
System memory in use before: 98.5 MB.
System memory in use after: 98.4 MB.

Unloading 34 unused Assets to reduce memory usage. Loaded Objects now: 2686.
Total: 2.391500 ms (FindLiveObjects: 0.273700 ms CreateObjectMapping: 0.056800 ms MarkObjects: 1.931400 ms  DeleteObjects: 0.128400 ms)

========================================================================
Received Import Request.
  path: Assets/Animation/Player.controller
  artifactKey: Guid(e3928124973e1d649bf6553cf997d0ee) Importer(815301076,1909f56bfc062723c751e8b465ee728b)
Start importing Assets/Animation/Player.controller using Guid(e3928124973e1d649bf6553cf997d0ee) Importer(815301076,1909f56bfc062723c751e8b465ee728b)  -> (artifact id: '274b1b4341e191fa26bec5427ec6204b') in 0.045088 seconds
  Import took 0.056925 seconds .

========================================================================
Received Import Request.
  Time since last request: 534.685940 seconds.
  path: Assets/Animation/Player.anim
  artifactKey: Guid(b151f6681ca028748814f61027d1d49e) Importer(815301076,1909f56bfc062723c751e8b465ee728b)
Start importing Assets/Animation/Player.anim using Guid(b151f6681ca028748814f61027d1d49e) Importer(815301076,1909f56bfc062723c751e8b465ee728b)  -> (artifact id: 'eea1ff62e60c08bdbc86911cfc7ffa8d') in 0.005240 seconds
  Import took 0.009321 seconds .

========================================================================
Received Import Request.
  Time since last request: 0.004269 seconds.
  path: Assets/Animation/Player.anim
  artifactKey: Guid(b151f6681ca028748814f61027d1d49e) Importer(815301076,1909f56bfc062723c751e8b465ee728b)
Start importing Assets/Animation/Player.anim using Guid(b151f6681ca028748814f61027d1d49e) Importer(815301076,1909f56bfc062723c751e8b465ee728b)  -> (artifact id: 'eea1ff62e60c08bdbc86911cfc7ffa8d') in 0.002463 seconds
  Import took 0.006059 seconds .

========================================================================
Received Import Request.
  Time since last request: 9.151323 seconds.
  path: Assets/Animation/Walk.anim
  artifactKey: Guid(cfda0ec00ceaede419a3ae4c9bdb0b16) Importer(815301076,1909f56bfc062723c751e8b465ee728b)
Start importing Assets/Animation/Walk.anim using Guid(cfda0ec00ceaede419a3ae4c9bdb0b16) Importer(815301076,1909f56bfc062723c751e8b465ee728b)  -> (artifact id: '1a790087f4527deb22365edb5fd3cc0e') in 0.002877 seconds
  Import took 0.011524 seconds .

========================================================================
Received Import Request.
  Time since last request: 0.001479 seconds.
  path: Assets/Animation/Walk.anim
  artifactKey: Guid(cfda0ec00ceaede419a3ae4c9bdb0b16) Importer(815301076,1909f56bfc062723c751e8b465ee728b)
Start importing Assets/Animation/Walk.anim using Guid(cfda0ec00ceaede419a3ae4c9bdb0b16) Importer(815301076,1909f56bfc062723c751e8b465ee728b)  -> (artifact id: '1a790087f4527deb22365edb5fd3cc0e') in 0.002869 seconds
  Import took 0.006225 seconds .

========================================================================
Received Import Request.
  Time since last request: 2279.475853 seconds.
  path: Assets/Materials
  artifactKey: Guid(312212631a916364c99099ed914bbaa8) Importer(815301076,1909f56bfc062723c751e8b465ee728b)
Start importing Assets/Materials using Guid(312212631a916364c99099ed914bbaa8) Importer(815301076,1909f56bfc062723c751e8b465ee728b)  -> (artifact id: 'aaec1afd0cacf4a53b06fad11f520593') in 0.002468 seconds
  Import took 0.028897 seconds .

========================================================================
Received Import Request.
  Time since last request: 28341.004798 seconds.
  path: Assets/Animation/SlashLeft.anim
  artifactKey: Guid(7d8af67e880a9794dba0f22434b12fa5) Importer(815301076,1909f56bfc062723c751e8b465ee728b)
Start importing Assets/Animation/SlashLeft.anim using Guid(7d8af67e880a9794dba0f22434b12fa5) Importer(815301076,1909f56bfc062723c751e8b465ee728b)  -> (artifact id: '9d03a0a9f31bec4c5778deac270f692e') in 0.004020 seconds
  Import took 0.021621 seconds .

========================================================================
Received Prepare
Registering precompiled user dll's ...
Registered in 0.168660 seconds.
Begin MonoManager ReloadAssembly
Native extension for WindowsStandalone target not found
Refreshing native plugins compatible for Editor in 0.80 ms, found 3 plugins.
Preloading 0 native plugins for Editor in 0.00 ms.
Mono: successfully reloaded assembly
- Completed reload, in  1.104 seconds
Platform modules already initialized, skipping
Refreshing native plugins compatible for Editor in 0.76 ms, found 3 plugins.
Preloading 0 native plugins for Editor in 0.00 ms.
Unloading 2382 Unused Serialized files (Serialized files now loaded: 0)
System memory in use before: 105.9 MB.
System memory in use after: 105.6 MB.

Unloading 27 unused Assets to reduce memory usage. Loaded Objects now: 2822.
Total: 3.418600 ms (FindLiveObjects: 0.338300 ms CreateObjectMapping: 0.083400 ms MarkObjects: 2.639200 ms  DeleteObjects: 0.356400 ms)

========================================================================
Received Import Request.
  Time since last request: 116961.633581 seconds.
  path: Assets/Assets/TubaKnight.png
  artifactKey: Guid(ce269501798055f4d9ffebe47d6d19f9) Importer(815301076,1909f56bfc062723c751e8b465ee728b)
Start importing Assets/Assets/TubaKnight.png using Guid(ce269501798055f4d9ffebe47d6d19f9) Importer(815301076,1909f56bfc062723c751e8b465ee728b)  -> (artifact id: '0cb03728d10a69c40cea534b513a9942') in 0.092153 seconds
  Import took 0.097173 seconds .

========================================================================
Received Import Request.
  Time since last request: 17.677077 seconds.
  path: Assets/Assets/TubaKnight.png
  artifactKey: Guid(ce269501798055f4d9ffebe47d6d19f9) Importer(815301076,1909f56bfc062723c751e8b465ee728b)
Start importing Assets/Assets/TubaKnight.png using Guid(ce269501798055f4d9ffebe47d6d19f9) Importer(815301076,1909f56bfc062723c751e8b465ee728b)  -> (artifact id: '4d58ef77c2203544653c145fe8e0dfc3') in 0.006822 seconds
  Import took 0.010736 seconds .

========================================================================
Received Import Request.
  Time since last request: 21.447319 seconds.
  path: Assets/Assets/TubaKnight.png
  artifactKey: Guid(ce269501798055f4d9ffebe47d6d19f9) Importer(815301076,1909f56bfc062723c751e8b465ee728b)
Start importing Assets/Assets/TubaKnight.png using Guid(ce269501798055f4d9ffebe47d6d19f9) Importer(815301076,1909f56bfc062723c751e8b465ee728b)  -> (artifact id: '9ae7bd6ccb299c1422e8c47d50a91140') in 0.008406 seconds
  Import took 0.012734 seconds .

AssetImportWorkerClient::OnTransportError - code=2 error=End of file
